Added Component: Designator=C1(0805)
Added Component: Designator=C2(DR3)
Added Component: Designator=C3(DR)
Added Component: Designator=C4(0805C)
Added Component: Designator=C5(0805C)
Added Component: Designator=C6(0805C)
Added Component: Designator=C7(0805C)
Added Component: Designator=C8(0805C)
Added Component: Designator=C9(0805C)
Added Component: Designator=C10(0805C)
Added Component: Designator=C11(DR)
Added Component: Designator=C12(0805C)
Added Component: Designator=C13(0805C)
Added Component: Designator=C14(0805C)
Added Component: Designator=C15(0805C)
Added Component: Designator=C16(0805C)
Added Component: Designator=D1(DO-214AC)
Added Component: Designator=LCD1(LCD1602)
Added Component: Designator=P1(HDR1X2)
Added Component: Designator=P2(HDR1X4)
Added Component: Designator=P3(HDR1X2)
Added Component: Designator=P4(HDR1X2)
Added Component: Designator=R1(0805R)
Added Component: Designator=R2(DWQ)
Added Component: Designator=R3(0805R)
Added Component: Designator=R4(0805R)
Added Component: Designator=R5(0805R)
Added Component: Designator=R6(0805R)
Added Component: Designator=R7(DWQ1)
Added Component: Designator=R8(DZ-1W)
Added Component: Designator=TM1(SOIC-16)
Added Component: Designator=u1(DPAK)
Added Component: Designator=U2(SOIC-20)
Added Component: Designator=Y1(JZ)
Added Component: Designator=Y2(JZ)
Added Pin To Net: NetName=+5VCC Pin=C1-1
Added Pin To Net: NetName=+5VCC Pin=C3-1
Added Pin To Net: NetName=+5VCC Pin=C5-2
Added Pin To Net: NetName=+5VCC Pin=C6-2
Added Pin To Net: NetName=+5VCC Pin=D1-1
Added Pin To Net: NetName=+5VCC Pin=LCD1-2
Added Pin To Net: NetName=+5VCC Pin=LCD1-15
Added Pin To Net: NetName=+5VCC Pin=P2-4
Added Pin To Net: NetName=+5VCC Pin=R2-2
Added Pin To Net: NetName=+5VCC Pin=R3-2
Added Pin To Net: NetName=+5VCC Pin=R4-2
Added Pin To Net: NetName=+5VCC Pin=R5-2
Added Pin To Net: NetName=+5VCC Pin=TM1-5
Added Pin To Net: NetName=+5VCC Pin=TM1-15
Added Pin To Net: NetName=+5VCC Pin=u1-3
Added Pin To Net: NetName=+5VCC Pin=U2-20
Added Net: Name=+5VCC
Added Pin To Net: NetName=DIN Pin=R3-1
Added Pin To Net: NetName=DIN Pin=TM1-14
Added Pin To Net: NetName=DIN Pin=U2-12
Added Net: Name=DIN
Added Pin To Net: NetName=DOUT Pin=R4-1
Added Pin To Net: NetName=DOUT Pin=TM1-13
Added Pin To Net: NetName=DOUT Pin=U2-13
Added Net: Name=DOUT
Added Pin To Net: NetName=DRDY Pin=TM1-12
Added Pin To Net: NetName=DRDY Pin=U2-11
Added Net: Name=DRDY
Added Pin To Net: NetName=GND Pin=C2-2
Added Pin To Net: NetName=GND Pin=C3-2
Added Pin To Net: NetName=GND Pin=C4-1
Added Pin To Net: NetName=GND Pin=C5-1
Added Pin To Net: NetName=GND Pin=C6-1
Added Pin To Net: NetName=GND Pin=C7-1
Added Pin To Net: NetName=GND Pin=C8-1
Added Pin To Net: NetName=GND Pin=C9-1
Added Pin To Net: NetName=GND Pin=C10-1
Added Pin To Net: NetName=GND Pin=C11-2
Added Pin To Net: NetName=GND Pin=C12-1
Added Pin To Net: NetName=GND Pin=C14-1
Added Pin To Net: NetName=GND Pin=C16-2
Added Pin To Net: NetName=GND Pin=LCD1-1
Added Pin To Net: NetName=GND Pin=LCD1-5
Added Pin To Net: NetName=GND Pin=LCD1-16
Added Pin To Net: NetName=GND Pin=P1-1
Added Pin To Net: NetName=GND Pin=P2-1
Added Pin To Net: NetName=GND Pin=P3-1
Added Pin To Net: NetName=GND Pin=R1-2
Added Pin To Net: NetName=GND Pin=R2-1
Added Pin To Net: NetName=GND Pin=R8-2
Added Pin To Net: NetName=GND Pin=TM1-4
Added Pin To Net: NetName=GND Pin=TM1-10
Added Pin To Net: NetName=GND Pin=TM1-11
Added Pin To Net: NetName=GND Pin=TM1-16
Added Pin To Net: NetName=GND Pin=u1-2
Added Pin To Net: NetName=GND Pin=U2-10
Added Net: Name=GND
Added Pin To Net: NetName=I Pin=C13-1
Added Pin To Net: NetName=I Pin=C14-2
Added Pin To Net: NetName=I Pin=C15-1
Added Pin To Net: NetName=I Pin=C16-1
Added Pin To Net: NetName=I Pin=P4-1
Added Pin To Net: NetName=I Pin=R7-2
Added Pin To Net: NetName=I Pin=R8-1
Added Pin To Net: NetName=I Pin=TM1-6
Added Pin To Net: NetName=I Pin=TM1-8
Added Net: Name=I
Added Pin To Net: NetName=NetC1_2 Pin=C1-2
Added Pin To Net: NetName=NetC1_2 Pin=R1-1
Added Pin To Net: NetName=NetC1_2 Pin=U2-1
Added Net: Name=NetC1_2
Added Pin To Net: NetName=NetC7_2 Pin=C7-2
Added Pin To Net: NetName=NetC7_2 Pin=U2-4
Added Pin To Net: NetName=NetC7_2 Pin=Y1-2
Added Net: Name=NetC7_2
Added Pin To Net: NetName=NetC8_2 Pin=C8-2
Added Pin To Net: NetName=NetC8_2 Pin=U2-5
Added Pin To Net: NetName=NetC8_2 Pin=Y1-1
Added Net: Name=NetC8_2
Added Pin To Net: NetName=NetC9_2 Pin=C9-2
Added Pin To Net: NetName=NetC9_2 Pin=TM1-2
Added Pin To Net: NetName=NetC9_2 Pin=Y2-2
Added Net: Name=NetC9_2
Added Pin To Net: NetName=NetC10_2 Pin=C10-2
Added Pin To Net: NetName=NetC10_2 Pin=TM1-3
Added Pin To Net: NetName=NetC10_2 Pin=Y2-1
Added Net: Name=NetC10_2
Added Pin To Net: NetName=NetC11_1 Pin=C11-1
Added Pin To Net: NetName=NetC11_1 Pin=C12-2
Added Pin To Net: NetName=NetC11_1 Pin=R5-1
Added Pin To Net: NetName=NetC11_1 Pin=TM1-9
Added Net: Name=NetC11_1
Added Pin To Net: NetName=NetLCD1_3 Pin=LCD1-3
Added Pin To Net: NetName=NetLCD1_3 Pin=R2-3
Added Net: Name=NetLCD1_3
Added Pin To Net: NetName=NetLCD1_4 Pin=LCD1-4
Added Pin To Net: NetName=NetLCD1_4 Pin=U2-14
Added Net: Name=NetLCD1_4
Added Pin To Net: NetName=NetLCD1_6 Pin=LCD1-6
Added Pin To Net: NetName=NetLCD1_6 Pin=U2-15
Added Net: Name=NetLCD1_6
Added Pin To Net: NetName=NetLCD1_11 Pin=LCD1-11
Added Pin To Net: NetName=NetLCD1_11 Pin=U2-16
Added Net: Name=NetLCD1_11
Added Pin To Net: NetName=NetLCD1_12 Pin=LCD1-12
Added Pin To Net: NetName=NetLCD1_12 Pin=U2-17
Added Net: Name=NetLCD1_12
Added Pin To Net: NetName=NetLCD1_13 Pin=LCD1-13
Added Pin To Net: NetName=NetLCD1_13 Pin=U2-18
Added Net: Name=NetLCD1_13
Added Pin To Net: NetName=NetLCD1_14 Pin=LCD1-14
Added Pin To Net: NetName=NetLCD1_14 Pin=U2-19
Added Net: Name=NetLCD1_14
Added Pin To Net: NetName=NetP3_2 Pin=P3-2
Added Pin To Net: NetName=NetP3_2 Pin=P4-2
Added Pin To Net: NetName=NetP3_2 Pin=R6-2
Added Net: Name=NetP3_2
Added Pin To Net: NetName=POWER Pin=C2-1
Added Pin To Net: NetName=POWER Pin=C4-2
Added Pin To Net: NetName=POWER Pin=D1-2
Added Pin To Net: NetName=POWER Pin=P1-2
Added Pin To Net: NetName=POWER Pin=u1-1
Added Net: Name=POWER
Added Pin To Net: NetName=RXD Pin=P2-3
Added Pin To Net: NetName=RXD Pin=U2-2
Added Net: Name=RXD
Added Pin To Net: NetName=SCLK Pin=TM1-1
Added Pin To Net: NetName=SCLK Pin=U2-9
Added Net: Name=SCLK
Added Pin To Net: NetName=TXD Pin=P2-2
Added Pin To Net: NetName=TXD Pin=U2-3
Added Net: Name=TXD
Added Pin To Net: NetName=V Pin=C13-2
Added Pin To Net: NetName=V Pin=C15-2
Added Pin To Net: NetName=V Pin=R6-1
Added Pin To Net: NetName=V Pin=R7-1
Added Pin To Net: NetName=V Pin=R7-3
Added Pin To Net: NetName=V Pin=TM1-7
Added Net: Name=V
Added Class: Name=TM7705
Added Room: Name=TM7705
