Added Component: Designator=C3.1(DR)
Added Component: Designator=C5.1(0805C)
Added Component: Designator=C6.1(0805C)
Added Component: Designator=R3(0805R)
Added Component: Designator=R4(0805R)
Added Pin To Net: NetName=+5VCC Pin=C3.1-1
Added Pin To Net: NetName=GND Pin=C3.1-2
Added Pin To Net: NetName=GND Pin=C5.1-1
Added Pin To Net: NetName=+5VCC Pin=C5.1-2
Added Pin To Net: NetName=GND Pin=C6.1-1
Added Pin To Net: NetName=+5VCC Pin=C6.1-2
Added Pin To Net: NetName=DIN Pin=R3-1
Added Pin To Net: NetName=+5VCC Pin=R3-2
Added Pin To Net: NetName=DOUT Pin=R4-1
Added Pin To Net: NetName=+5VCC Pin=R4-2
Added Member To Class: ClassName=TM7705 Member=Component C3.1 100uF
Added Member To Class: ClassName=TM7705 Member=Component C5.1 104
Added Member To Class: ClassName=TM7705 Member=Component C6.1 226
Added Member To Class: ClassName=TM7705 Member=Component R3 10K
Added Member To Class: ClassName=TM7705 Member=Component R4 10K
Added Room: Name=TM7705
